{"N:\\Monash Syncup\\FIT5120\\Owl Lead\\owl-lead-frontend\\App.js": {"path":"N:\\Monash Syncup\\FIT5120\\Owl Lead\\owl-lead-frontend\\App.js","statementMap":{"0":{"start":{"line":8,"column":29},"end":{"line":8,"column":45}},"1":{"start":{"line":11,"column":1},"end":{"line":17,"column":3}}},"fnMap":{"0":{"name":"App","decl":{"start":{"line":10,"column":24},"end":{"line":10,"column":27}},"loc":{"start":{"line":10,"column":30},"end":{"line":18,"column":1}},"line":10}},"branchMap":{},"s":{"0":1,"1":1},"f":{"0":1},"b":{},"_coverageSchema":"1a1c01bbd47fc00a2c39e90264f33305004495a9","hash":"d73bb17b2ace9b75c58a640bf04e584007cd114b"}
,"N:\\Monash Syncup\\FIT5120\\Owl Lead\\owl-lead-frontend\\components\\LoadingComponent.js": {"path":"N:\\Monash Syncup\\FIT5120\\Owl Lead\\owl-lead-frontend\\components\\LoadingComponent.js","statementMap":{"0":{"start":{"line":6,"column":1},"end":{"line":17,"column":3}},"1":{"start":{"line":20,"column":15},"end":{"line":31,"column":2}}},"fnMap":{"0":{"name":"Loading","decl":{"start":{"line":5,"column":24},"end":{"line":5,"column":31}},"loc":{"start":{"line":5,"column":34},"end":{"line":18,"column":1}},"line":5}},"branchMap":{},"s":{"0":4,"1":2},"f":{"0":4},"b":{},"_coverageSchema":"1a1c01bbd47fc00a2c39e90264f33305004495a9","hash":"9be0215e0a78408c9832bd9e72f6bffc357204c7"}
,"N:\\Monash Syncup\\FIT5120\\Owl Lead\\owl-lead-frontend\\components\\MainComponent.js": {"path":"N:\\Monash Syncup\\FIT5120\\Owl Lead\\owl-lead-frontend\\components\\MainComponent.js","statementMap":{"0":{"start":{"line":20,"column":0},"end":{"line":36,"column":3}},"1":{"start":{"line":21,"column":1},"end":{"line":35,"column":2}},"2":{"start":{"line":22,"column":2},"end":{"line":22,"column":62}},"3":{"start":{"line":23,"column":19},"end":{"line":23,"column":32}},"4":{"start":{"line":24,"column":18},"end":{"line":24,"column":51}},"5":{"start":{"line":25,"column":2},"end":{"line":28,"column":4}},"6":{"start":{"line":29,"column":2},"end":{"line":31,"column":35}},"7":{"start":{"line":33,"column":2},"end":{"line":33,"column":21}},"8":{"start":{"line":34,"column":2},"end":{"line":34,"column":39}},"9":{"start":{"line":38,"column":47},"end":{"line":46,"column":1}},"10":{"start":{"line":39,"column":1},"end":{"line":45,"column":2}},"11":{"start":{"line":40,"column":2},"end":{"line":42,"column":5}},"12":{"start":{"line":44,"column":2},"end":{"line":44,"column":78}},"13":{"start":{"line":48,"column":0},"end":{"line":59,"column":3}},"14":{"start":{"line":49,"column":1},"end":{"line":58,"column":2}},"15":{"start":{"line":50,"column":19},"end":{"line":50,"column":32}},"16":{"start":{"line":51,"column":18},"end":{"line":51,"column":46}},"17":{"start":{"line":52,"column":2},"end":{"line":54,"column":35}},"18":{"start":{"line":56,"column":2},"end":{"line":56,"column":21}},"19":{"start":{"line":57,"column":2},"end":{"line":57,"column":39}},"20":{"start":{"line":61,"column":42},"end":{"line":69,"column":1}},"21":{"start":{"line":62,"column":1},"end":{"line":68,"column":2}},"22":{"start":{"line":63,"column":2},"end":{"line":65,"column":5}},"23":{"start":{"line":67,"column":2},"end":{"line":67,"column":62}},"24":{"start":{"line":71,"column":12},"end":{"line":71,"column":38}},"25":{"start":{"line":74,"column":27},"end":{"line":74,"column":74}},"26":{"start":{"line":74,"column":50},"end":{"line":74,"column":73}},"27":{"start":{"line":76,"column":18},"end":{"line":76,"column":31}},"28":{"start":{"line":78,"column":1},"end":{"line":83,"column":8}},"29":{"start":{"line":79,"column":2},"end":{"line":79,"column":36}},"30":{"start":{"line":80,"column":2},"end":{"line":80,"column":31}},"31":{"start":{"line":81,"column":2},"end":{"line":81,"column":43}},"32":{"start":{"line":82,"column":2},"end":{"line":82,"column":38}},"33":{"start":{"line":85,"column":17},"end":{"line":87,"column":2}},"34":{"start":{"line":89,"column":1},"end":{"line":102,"column":3}}},"fnMap":{"0":{"name":"(anonymous_0)","decl":{"start":{"line":20,"column":48},"end":{"line":20,"column":49}},"loc":{"start":{"line":20,"column":60},"end":{"line":36,"column":1}},"line":20},"1":{"name":"(anonymous_1)","decl":{"start":{"line":38,"column":47},"end":{"line":38,"column":48}},"loc":{"start":{"line":38,"column":59},"end":{"line":46,"column":1}},"line":38},"2":{"name":"(anonymous_2)","decl":{"start":{"line":48,"column":43},"end":{"line":48,"column":44}},"loc":{"start":{"line":48,"column":49},"end":{"line":59,"column":1}},"line":48},"3":{"name":"(anonymous_3)","decl":{"start":{"line":61,"column":42},"end":{"line":61,"column":43}},"loc":{"start":{"line":61,"column":54},"end":{"line":69,"column":1}},"line":61},"4":{"name":"Main","decl":{"start":{"line":73,"column":24},"end":{"line":73,"column":28}},"loc":{"start":{"line":73,"column":31},"end":{"line":103,"column":1}},"line":73},"5":{"name":"(anonymous_5)","decl":{"start":{"line":74,"column":39},"end":{"line":74,"column":40}},"loc":{"start":{"line":74,"column":50},"end":{"line":74,"column":73}},"line":74},"6":{"name":"(anonymous_6)","decl":{"start":{"line":78,"column":17},"end":{"line":78,"column":18}},"loc":{"start":{"line":78,"column":23},"end":{"line":83,"column":2}},"line":78}},"branchMap":{"0":{"loc":{"start":{"line":27,"column":3},"end":{"line":27,"column":41}},"type":"cond-expr","locations":[{"start":{"line":27,"column":13},"end":{"line":27,"column":24}},{"start":{"line":27,"column":27},"end":{"line":27,"column":41}}],"line":27},"1":{"loc":{"start":{"line":29,"column":9},"end":{"line":31,"column":34}},"type":"cond-expr","locations":[{"start":{"line":30,"column":5},"end":{"line":30,"column":35}},{"start":{"line":31,"column":5},"end":{"line":31,"column":34}}],"line":29},"2":{"loc":{"start":{"line":52,"column":9},"end":{"line":54,"column":34}},"type":"cond-expr","locations":[{"start":{"line":53,"column":5},"end":{"line":53,"column":35}},{"start":{"line":54,"column":5},"end":{"line":54,"column":34}}],"line":52}},"s":{"0":1,"1":0,"2":0,"3":0,"4":0,"5":0,"6":0,"7":0,"8":0,"9":1,"10":0,"11":0,"12":0,"13":1,"14":0,"15":0,"16":0,"17":0,"18":0,"19":0,"20":1,"21":0,"22":0,"23":0,"24":1,"25":0,"26":0,"27":0,"28":0,"29":0,"30":0,"31":0,"32":0,"33":0,"34":0},"f":{"0":0,"1":0,"2":0,"3":0,"4":0,"5":0,"6":0},"b":{"0":[0,0],"1":[0,0],"2":[0,0]},"_coverageSchema":"1a1c01bbd47fc00a2c39e90264f33305004495a9","hash":"08aa8351cd091a3fb89b284445abfec935a6faee"}
,"N:\\Monash Syncup\\FIT5120\\Owl Lead\\owl-lead-frontend\\components\\MapComponent.js": {"path":"N:\\Monash Syncup\\FIT5120\\Owl Lead\\owl-lead-frontend\\components\\MapComponent.js","statementMap":{"0":{"start":{"line":28,"column":26},"end":{"line":28,"column":50}},"1":{"start":{"line":31,"column":23},"end":{"line":36,"column":1}},"2":{"start":{"line":38,"column":20},"end":{"line":46,"column":1}},"3":{"start":{"line":39,"column":1},"end":{"line":45,"column":2}},"4":{"start":{"line":40,"column":2},"end":{"line":40,"column":35}},"5":{"start":{"line":42,"column":2},"end":{"line":44,"column":4}},"6":{"start":{"line":51,"column":18},"end":{"line":51,"column":56}},"7":{"start":{"line":51,"column":41},"end":{"line":51,"column":55}},"8":{"start":{"line":52,"column":25},"end":{"line":52,"column":70}},"9":{"start":{"line":52,"column":48},"end":{"line":52,"column":69}},"10":{"start":{"line":53,"column":17},"end":{"line":53,"column":54}},"11":{"start":{"line":53,"column":40},"end":{"line":53,"column":53}},"12":{"start":{"line":56,"column":29},"end":{"line":56,"column":53}},"13":{"start":{"line":57,"column":31},"end":{"line":57,"column":76}},"14":{"start":{"line":58,"column":25},"end":{"line":58,"column":39}},"15":{"start":{"line":61,"column":18},"end":{"line":61,"column":31}},"16":{"start":{"line":62,"column":20},"end":{"line":62,"column":70}},"17":{"start":{"line":62,"column":33},"end":{"line":62,"column":70}},"18":{"start":{"line":63,"column":21},"end":{"line":63,"column":74}},"19":{"start":{"line":63,"column":35},"end":{"line":63,"column":74}},"20":{"start":{"line":64,"column":29},"end":{"line":64,"column":74}},"21":{"start":{"line":64,"column":35},"end":{"line":64,"column":74}},"22":{"start":{"line":65,"column":28},"end":{"line":65,"column":72}},"23":{"start":{"line":65,"column":34},"end":{"line":65,"column":72}},"24":{"start":{"line":66,"column":21},"end":{"line":66,"column":58}},"25":{"start":{"line":66,"column":27},"end":{"line":66,"column":58}},"26":{"start":{"line":69,"column":17},"end":{"line":69,"column":29}},"27":{"start":{"line":70,"column":14},"end":{"line":70,"column":26}},"28":{"start":{"line":72,"column":1},"end":{"line":72,"column":35}},"29":{"start":{"line":74,"column":18},"end":{"line":104,"column":2}},"30":{"start":{"line":75,"column":21},"end":{"line":75,"column":54}},"31":{"start":{"line":77,"column":18},"end":{"line":80,"column":3}},"32":{"start":{"line":78,"column":25},"end":{"line":78,"column":67}},"33":{"start":{"line":82,"column":16},"end":{"line":88,"column":3}},"34":{"start":{"line":84,"column":4},"end":{"line":87,"column":68}},"35":{"start":{"line":91,"column":3},"end":{"line":101,"column":25}},"36":{"start":{"line":95,"column":8},"end":{"line":97,"column":16}},"37":{"start":{"line":103,"column":2},"end":{"line":103,"column":22}},"38":{"start":{"line":106,"column":22},"end":{"line":124,"column":2}},"39":{"start":{"line":107,"column":2},"end":{"line":123,"column":3}},"40":{"start":{"line":108,"column":17},"end":{"line":111,"column":4}},"41":{"start":{"line":110,"column":28},"end":{"line":110,"column":41}},"42":{"start":{"line":113,"column":3},"end":{"line":119,"column":5}},"43":{"start":{"line":114,"column":36},"end":{"line":118,"column":5}},"44":{"start":{"line":121,"column":3},"end":{"line":121,"column":36}},"45":{"start":{"line":122,"column":3},"end":{"line":122,"column":22}},"46":{"start":{"line":126,"column":1},"end":{"line":139,"column":16}},"47":{"start":{"line":127,"column":2},"end":{"line":130,"column":3}},"48":{"start":{"line":128,"column":3},"end":{"line":128,"column":18}},"49":{"start":{"line":129,"column":3},"end":{"line":129,"column":14}},"50":{"start":{"line":133,"column":2},"end":{"line":136,"column":5}},"51":{"start":{"line":138,"column":2},"end":{"line":138,"column":33}},"52":{"start":{"line":138,"column":15},"end":{"line":138,"column":32}},"53":{"start":{"line":141,"column":1},"end":{"line":145,"column":15}},"54":{"start":{"line":142,"column":2},"end":{"line":144,"column":3}},"55":{"start":{"line":143,"column":3},"end":{"line":143,"column":46}},"56":{"start":{"line":147,"column":1},"end":{"line":159,"column":14}},"57":{"start":{"line":148,"column":2},"end":{"line":158,"column":3}},"58":{"start":{"line":149,"column":3},"end":{"line":155,"column":5}},"59":{"start":{"line":150,"column":42},"end":{"line":150,"column":59}},"60":{"start":{"line":157,"column":3},"end":{"line":157,"column":34}},"61":{"start":{"line":162,"column":26},"end":{"line":247,"column":2}},"62":{"start":{"line":163,"column":2},"end":{"line":163,"column":16}},"63":{"start":{"line":164,"column":2},"end":{"line":246,"column":3}},"64":{"start":{"line":166,"column":20},"end":{"line":166,"column":60}},"65":{"start":{"line":169,"column":3},"end":{"line":201,"column":4}},"66":{"start":{"line":171,"column":4},"end":{"line":177,"column":5}},"67":{"start":{"line":173,"column":5},"end":{"line":173,"column":26}},"68":{"start":{"line":176,"column":5},"end":{"line":176,"column":12}},"69":{"start":{"line":180,"column":4},"end":{"line":198,"column":5}},"70":{"start":{"line":182,"column":5},"end":{"line":196,"column":7}},"71":{"start":{"line":192,"column":23},"end":{"line":192,"column":52}},"72":{"start":{"line":197,"column":5},"end":{"line":197,"column":12}},"73":{"start":{"line":200,"column":4},"end":{"line":200,"column":26}},"74":{"start":{"line":204,"column":26},"end":{"line":204,"column":68}},"75":{"start":{"line":206,"column":3},"end":{"line":209,"column":5}},"76":{"start":{"line":211,"column":3},"end":{"line":218,"column":5}},"77":{"start":{"line":220,"column":3},"end":{"line":227,"column":4}},"78":{"start":{"line":221,"column":4},"end":{"line":221,"column":25}},"79":{"start":{"line":222,"column":4},"end":{"line":225,"column":6}},"80":{"start":{"line":226,"column":4},"end":{"line":226,"column":11}},"81":{"start":{"line":230,"column":3},"end":{"line":230,"column":33}},"82":{"start":{"line":232,"column":25},"end":{"line":236,"column":7}},"83":{"start":{"line":238,"column":3},"end":{"line":238,"column":95}},"84":{"start":{"line":240,"column":3},"end":{"line":240,"column":31}},"85":{"start":{"line":242,"column":3},"end":{"line":245,"column":4}},"86":{"start":{"line":243,"column":4},"end":{"line":243,"column":23}},"87":{"start":{"line":244,"column":4},"end":{"line":244,"column":23}},"88":{"start":{"line":250,"column":1},"end":{"line":429,"column":3}},"89":{"start":{"line":258,"column":19},"end":{"line":258,"column":31}},"90":{"start":{"line":261,"column":5},"end":{"line":272,"column":6}},"91":{"start":{"line":278,"column":6},"end":{"line":280,"column":7}},"92":{"start":{"line":279,"column":7},"end":{"line":279,"column":27}},"93":{"start":{"line":281,"column":6},"end":{"line":342,"column":8}},"94":{"start":{"line":302,"column":10},"end":{"line":308,"column":11}},"95":{"start":{"line":371,"column":32},"end":{"line":371,"column":47}},"96":{"start":{"line":390,"column":5},"end":{"line":393,"column":8}},"97":{"start":{"line":396,"column":5},"end":{"line":396,"column":34}},"98":{"start":{"line":416,"column":5},"end":{"line":425,"column":24}},"99":{"start":{"line":433,"column":15},"end":{"line":480,"column":2}}},"fnMap":{"0":{"name":"(anonymous_0)","decl":{"start":{"line":38,"column":20},"end":{"line":38,"column":21}},"loc":{"start":{"line":38,"column":26},"end":{"line":46,"column":1}},"line":38},"1":{"name":"Map","decl":{"start":{"line":49,"column":9},"end":{"line":49,"column":12}},"loc":{"start":{"line":49,"column":20},"end":{"line":430,"column":1}},"line":49},"2":{"name":"(anonymous_2)","decl":{"start":{"line":51,"column":30},"end":{"line":51,"column":31}},"loc":{"start":{"line":51,"column":41},"end":{"line":51,"column":55}},"line":51},"3":{"name":"(anonymous_3)","decl":{"start":{"line":52,"column":37},"end":{"line":52,"column":38}},"loc":{"start":{"line":52,"column":48},"end":{"line":52,"column":69}},"line":52},"4":{"name":"(anonymous_4)","decl":{"start":{"line":53,"column":29},"end":{"line":53,"column":30}},"loc":{"start":{"line":53,"column":40},"end":{"line":53,"column":53}},"line":53},"5":{"name":"(anonymous_5)","decl":{"start":{"line":62,"column":20},"end":{"line":62,"column":21}},"loc":{"start":{"line":62,"column":33},"end":{"line":62,"column":70}},"line":62},"6":{"name":"(anonymous_6)","decl":{"start":{"line":63,"column":21},"end":{"line":63,"column":22}},"loc":{"start":{"line":63,"column":35},"end":{"line":63,"column":74}},"line":63},"7":{"name":"(anonymous_7)","decl":{"start":{"line":64,"column":29},"end":{"line":64,"column":30}},"loc":{"start":{"line":64,"column":35},"end":{"line":64,"column":74}},"line":64},"8":{"name":"(anonymous_8)","decl":{"start":{"line":65,"column":28},"end":{"line":65,"column":29}},"loc":{"start":{"line":65,"column":34},"end":{"line":65,"column":72}},"line":65},"9":{"name":"(anonymous_9)","decl":{"start":{"line":66,"column":21},"end":{"line":66,"column":22}},"loc":{"start":{"line":66,"column":27},"end":{"line":66,"column":58}},"line":66},"10":{"name":"(anonymous_10)","decl":{"start":{"line":74,"column":18},"end":{"line":74,"column":19}},"loc":{"start":{"line":74,"column":30},"end":{"line":104,"column":2}},"line":74},"11":{"name":"(anonymous_11)","decl":{"start":{"line":78,"column":3},"end":{"line":78,"column":4}},"loc":{"start":{"line":78,"column":25},"end":{"line":78,"column":67}},"line":78},"12":{"name":"(anonymous_12)","decl":{"start":{"line":83,"column":3},"end":{"line":83,"column":4}},"loc":{"start":{"line":84,"column":4},"end":{"line":87,"column":68}},"line":84},"13":{"name":"(anonymous_13)","decl":{"start":{"line":94,"column":7},"end":{"line":94,"column":8}},"loc":{"start":{"line":95,"column":8},"end":{"line":97,"column":16}},"line":95},"14":{"name":"(anonymous_14)","decl":{"start":{"line":106,"column":22},"end":{"line":106,"column":23}},"loc":{"start":{"line":106,"column":34},"end":{"line":124,"column":2}},"line":106},"15":{"name":"(anonymous_15)","decl":{"start":{"line":110,"column":16},"end":{"line":110,"column":17}},"loc":{"start":{"line":110,"column":28},"end":{"line":110,"column":41}},"line":110},"16":{"name":"(anonymous_16)","decl":{"start":{"line":114,"column":16},"end":{"line":114,"column":17}},"loc":{"start":{"line":114,"column":36},"end":{"line":118,"column":5}},"line":114},"17":{"name":"(anonymous_17)","decl":{"start":{"line":126,"column":11},"end":{"line":126,"column":12}},"loc":{"start":{"line":126,"column":17},"end":{"line":139,"column":2}},"line":126},"18":{"name":"(anonymous_18)","decl":{"start":{"line":138,"column":9},"end":{"line":138,"column":10}},"loc":{"start":{"line":138,"column":15},"end":{"line":138,"column":32}},"line":138},"19":{"name":"(anonymous_19)","decl":{"start":{"line":141,"column":11},"end":{"line":141,"column":12}},"loc":{"start":{"line":141,"column":17},"end":{"line":145,"column":2}},"line":141},"20":{"name":"(anonymous_20)","decl":{"start":{"line":147,"column":11},"end":{"line":147,"column":12}},"loc":{"start":{"line":147,"column":17},"end":{"line":159,"column":2}},"line":147},"21":{"name":"(anonymous_21)","decl":{"start":{"line":150,"column":30},"end":{"line":150,"column":31}},"loc":{"start":{"line":150,"column":42},"end":{"line":150,"column":59}},"line":150},"22":{"name":"(anonymous_22)","decl":{"start":{"line":162,"column":26},"end":{"line":162,"column":27}},"loc":{"start":{"line":162,"column":38},"end":{"line":247,"column":2}},"line":162},"23":{"name":"(anonymous_23)","decl":{"start":{"line":192,"column":17},"end":{"line":192,"column":18}},"loc":{"start":{"line":192,"column":23},"end":{"line":192,"column":52}},"line":192},"24":{"name":"(anonymous_24)","decl":{"start":{"line":258,"column":9},"end":{"line":258,"column":10}},"loc":{"start":{"line":258,"column":19},"end":{"line":258,"column":31}},"line":258},"25":{"name":"(anonymous_25)","decl":{"start":{"line":260,"column":14},"end":{"line":260,"column":15}},"loc":{"start":{"line":261,"column":5},"end":{"line":272,"column":6}},"line":261},"26":{"name":"(anonymous_26)","decl":{"start":{"line":277,"column":17},"end":{"line":277,"column":18}},"loc":{"start":{"line":277,"column":36},"end":{"line":343,"column":6}},"line":277},"27":{"name":"(anonymous_27)","decl":{"start":{"line":301,"column":18},"end":{"line":301,"column":19}},"loc":{"start":{"line":302,"column":10},"end":{"line":308,"column":11}},"line":302},"28":{"name":"(anonymous_28)","decl":{"start":{"line":371,"column":23},"end":{"line":371,"column":24}},"loc":{"start":{"line":371,"column":32},"end":{"line":371,"column":47}},"line":371},"29":{"name":"(anonymous_29)","decl":{"start":{"line":388,"column":13},"end":{"line":388,"column":14}},"loc":{"start":{"line":388,"column":39},"end":{"line":397,"column":5}},"line":388},"30":{"name":"(anonymous_30)","decl":{"start":{"line":415,"column":23},"end":{"line":415,"column":24}},"loc":{"start":{"line":416,"column":5},"end":{"line":425,"column":24}},"line":416}},"branchMap":{"0":{"loc":{"start":{"line":39,"column":1},"end":{"line":45,"column":2}},"type":"if","locations":[{"start":{"line":39,"column":1},"end":{"line":45,"column":2}},{"start":{"line":39,"column":1},"end":{"line":45,"column":2}}],"line":39},"1":{"loc":{"start":{"line":57,"column":40},"end":{"line":57,"column":75}},"type":"cond-expr","locations":[{"start":{"line":57,"column":57},"end":{"line":57,"column":59}},{"start":{"line":57,"column":62},"end":{"line":57,"column":75}}],"line":57},"2":{"loc":{"start":{"line":78,"column":25},"end":{"line":78,"column":67}},"type":"cond-expr","locations":[{"start":{"line":78,"column":59},"end":{"line":78,"column":60}},{"start":{"line":78,"column":63},"end":{"line":78,"column":67}}],"line":78},"3":{"loc":{"start":{"line":84,"column":4},"end":{"line":87,"column":68}},"type":"binary-expr","locations":[{"start":{"line":84,"column":4},"end":{"line":84,"column":20}},{"start":{"line":85,"column":4},"end":{"line":85,"column":32}},{"start":{"line":86,"column":5},"end":{"line":86,"column":61}},{"start":{"line":87,"column":6},"end":{"line":87,"column":30}},{"start":{"line":87,"column":34},"end":{"line":87,"column":66}}],"line":84},"4":{"loc":{"start":{"line":91,"column":3},"end":{"line":101,"column":25}},"type":"cond-expr","locations":[{"start":{"line":92,"column":6},"end":{"line":100,"column":10}},{"start":{"line":101,"column":6},"end":{"line":101,"column":25}}],"line":91},"5":{"loc":{"start":{"line":95,"column":8},"end":{"line":97,"column":16}},"type":"cond-expr","locations":[{"start":{"line":96,"column":11},"end":{"line":96,"column":12}},{"start":{"line":97,"column":11},"end":{"line":97,"column":16}}],"line":95},"6":{"loc":{"start":{"line":95,"column":8},"end":{"line":95,"column":70}},"type":"binary-expr","locations":[{"start":{"line":95,"column":8},"end":{"line":95,"column":34}},{"start":{"line":95,"column":38},"end":{"line":95,"column":70}}],"line":95},"7":{"loc":{"start":{"line":127,"column":2},"end":{"line":130,"column":3}},"type":"if","locations":[{"start":{"line":127,"column":2},"end":{"line":130,"column":3}},{"start":{"line":127,"column":2},"end":{"line":130,"column":3}}],"line":127},"8":{"loc":{"start":{"line":127,"column":6},"end":{"line":127,"column":36}},"type":"binary-expr","locations":[{"start":{"line":127,"column":6},"end":{"line":127,"column":14}},{"start":{"line":127,"column":18},"end":{"line":127,"column":36}}],"line":127},"9":{"loc":{"start":{"line":142,"column":2},"end":{"line":144,"column":3}},"type":"if","locations":[{"start":{"line":142,"column":2},"end":{"line":144,"column":3}},{"start":{"line":142,"column":2},"end":{"line":144,"column":3}}],"line":142},"10":{"loc":{"start":{"line":148,"column":2},"end":{"line":158,"column":3}},"type":"if","locations":[{"start":{"line":148,"column":2},"end":{"line":158,"column":3}},{"start":{"line":148,"column":2},"end":{"line":158,"column":3}}],"line":148},"11":{"loc":{"start":{"line":148,"column":6},"end":{"line":148,"column":22}},"type":"binary-expr","locations":[{"start":{"line":148,"column":6},"end":{"line":148,"column":14}},{"start":{"line":148,"column":18},"end":{"line":148,"column":22}}],"line":148},"12":{"loc":{"start":{"line":169,"column":3},"end":{"line":201,"column":4}},"type":"if","locations":[{"start":{"line":169,"column":3},"end":{"line":201,"column":4}},{"start":{"line":169,"column":3},"end":{"line":201,"column":4}}],"line":169},"13":{"loc":{"start":{"line":171,"column":4},"end":{"line":177,"column":5}},"type":"if","locations":[{"start":{"line":171,"column":4},"end":{"line":177,"column":5}},{"start":{"line":171,"column":4},"end":{"line":177,"column":5}}],"line":171},"14":{"loc":{"start":{"line":180,"column":4},"end":{"line":198,"column":5}},"type":"if","locations":[{"start":{"line":180,"column":4},"end":{"line":198,"column":5}},{"start":{"line":180,"column":4},"end":{"line":198,"column":5}}],"line":180},"15":{"loc":{"start":{"line":220,"column":3},"end":{"line":227,"column":4}},"type":"if","locations":[{"start":{"line":220,"column":3},"end":{"line":227,"column":4}},{"start":{"line":220,"column":3},"end":{"line":227,"column":4}}],"line":220},"16":{"loc":{"start":{"line":242,"column":3},"end":{"line":245,"column":4}},"type":"if","locations":[{"start":{"line":242,"column":3},"end":{"line":245,"column":4}},{"start":{"line":242,"column":3},"end":{"line":245,"column":4}}],"line":242},"17":{"loc":{"start":{"line":278,"column":6},"end":{"line":280,"column":7}},"type":"if","locations":[{"start":{"line":278,"column":6},"end":{"line":280,"column":7}},{"start":{"line":278,"column":6},"end":{"line":280,"column":7}}],"line":278},"18":{"loc":{"start":{"line":292,"column":14},"end":{"line":294,"column":26}},"type":"cond-expr","locations":[{"start":{"line":293,"column":13},"end":{"line":293,"column":41}},{"start":{"line":294,"column":13},"end":{"line":294,"column":26}}],"line":292},"19":{"loc":{"start":{"line":292,"column":14},"end":{"line":292,"column":39}},"type":"binary-expr","locations":[{"start":{"line":292,"column":14},"end":{"line":292,"column":18}},{"start":{"line":292,"column":22},"end":{"line":292,"column":39}}],"line":292},"20":{"loc":{"start":{"line":304,"column":13},"end":{"line":306,"column":67}},"type":"cond-expr","locations":[{"start":{"line":305,"column":15},"end":{"line":305,"column":17}},{"start":{"line":306,"column":15},"end":{"line":306,"column":67}}],"line":304},"21":{"loc":{"start":{"line":313,"column":11},"end":{"line":319,"column":11}},"type":"cond-expr","locations":[{"start":{"line":314,"column":11},"end":{"line":316,"column":18}},{"start":{"line":318,"column":11},"end":{"line":318,"column":16}}],"line":313},"22":{"loc":{"start":{"line":323,"column":11},"end":{"line":327,"column":11}},"type":"cond-expr","locations":[{"start":{"line":324,"column":11},"end":{"line":324,"column":58}},{"start":{"line":326,"column":11},"end":{"line":326,"column":24}}],"line":323},"23":{"loc":{"start":{"line":328,"column":11},"end":{"line":332,"column":11}},"type":"cond-expr","locations":[{"start":{"line":329,"column":11},"end":{"line":329,"column":59}},{"start":{"line":331,"column":11},"end":{"line":331,"column":24}}],"line":328},"24":{"loc":{"start":{"line":345,"column":5},"end":{"line":358,"column":5}},"type":"cond-expr","locations":[{"start":{"line":346,"column":5},"end":{"line":355,"column":14}},{"start":{"line":357,"column":5},"end":{"line":357,"column":10}}],"line":345},"25":{"loc":{"start":{"line":388,"column":20},"end":{"line":388,"column":34}},"type":"default-arg","locations":[{"start":{"line":388,"column":30},"end":{"line":388,"column":34}}],"line":388}},"s":{"0":1,"1":1,"2":1,"3":0,"4":0,"5":0,"6":0,"7":0,"8":0,"9":0,"10":0,"11":0,"12":0,"13":0,"14":0,"15":0,"16":0,"17":0,"18":0,"19":0,"20":0,"21":0,"22":0,"23":0,"24":0,"25":0,"26":0,"27":0,"28":0,"29":0,"30":0,"31":0,"32":0,"33":0,"34":0,"35":0,"36":0,"37":0,"38":0,"39":0,"40":0,"41":0,"42":0,"43":0,"44":0,"45":0,"46":0,"47":0,"48":0,"49":0,"50":0,"51":0,"52":0,"53":0,"54":0,"55":0,"56":0,"57":0,"58":0,"59":0,"60":0,"61":0,"62":0,"63":0,"64":0,"65":0,"66":0,"67":0,"68":0,"69":0,"70":0,"71":0,"72":0,"73":0,"74":0,"75":0,"76":0,"77":0,"78":0,"79":0,"80":0,"81":0,"82":0,"83":0,"84":0,"85":0,"86":0,"87":0,"88":0,"89":0,"90":0,"91":0,"92":0,"93":0,"94":0,"95":0,"96":0,"97":0,"98":0,"99":1},"f":{"0":0,"1":0,"2":0,"3":0,"4":0,"5":0,"6":0,"7":0,"8":0,"9":0,"10":0,"11":0,"12":0,"13":0,"14":0,"15":0,"16":0,"17":0,"18":0,"19":0,"20":0,"21":0,"22":0,"23":0,"24":0,"25":0,"26":0,"27":0,"28":0,"29":0,"30":0},"b":{"0":[0,0],"1":[0,0],"2":[0,0],"3":[0,0,0,0,0],"4":[0,0],"5":[0,0],"6":[0,0],"7":[0,0],"8":[0,0],"9":[0,0],"10":[0,0],"11":[0,0],"12":[0,0],"13":[0,0],"14":[0,0],"15":[0,0],"16":[0,0],"17":[0,0],"18":[0,0],"19":[0,0],"20":[0,0],"21":[0,0],"22":[0,0],"23":[0,0],"24":[0,0],"25":[0]},"_coverageSchema":"1a1c01bbd47fc00a2c39e90264f33305004495a9","hash":"e0884924d3b45851e1ebb88b620f5c0f6b9689e9"}
,"N:\\Monash Syncup\\FIT5120\\Owl Lead\\owl-lead-frontend\\components\\MenuComponent.js": {"path":"N:\\Monash Syncup\\FIT5120\\Owl Lead\\owl-lead-frontend\\components\\MenuComponent.js","statementMap":{"0":{"start":{"line":8,"column":19},"end":{"line":22,"column":1}},"1":{"start":{"line":15,"column":1},"end":{"line":21,"column":20}},"2":{"start":{"line":25,"column":22},"end":{"line":25,"column":64}},"3":{"start":{"line":25,"column":45},"end":{"line":25,"column":63}},"4":{"start":{"line":27,"column":18},"end":{"line":27,"column":31}},"5":{"start":{"line":29,"column":21},"end":{"line":35,"column":2}},"6":{"start":{"line":29,"column":31},"end":{"line":35,"column":2}},"7":{"start":{"line":30,"column":2},"end":{"line":30,"column":34}},"8":{"start":{"line":31,"column":2},"end":{"line":33,"column":3}},"9":{"start":{"line":32,"column":3},"end":{"line":32,"column":23}},"10":{"start":{"line":34,"column":2},"end":{"line":34,"column":28}},"11":{"start":{"line":38,"column":2},"end":{"line":60,"column":5}},"12":{"start":{"line":63,"column":1},"end":{"line":86,"column":3}},"13":{"start":{"line":67,"column":5},"end":{"line":69,"column":39}},"14":{"start":{"line":77,"column":5},"end":{"line":77,"column":48}},"15":{"start":{"line":78,"column":5},"end":{"line":78,"column":32}},"16":{"start":{"line":89,"column":0},"end":{"line":107,"column":3}}},"fnMap":{"0":{"name":"(anonymous_0)","decl":{"start":{"line":8,"column":19},"end":{"line":8,"column":20}},"loc":{"start":{"line":15,"column":1},"end":{"line":21,"column":20}},"line":15},"1":{"name":"(anonymous_1)","decl":{"start":{"line":24,"column":22},"end":{"line":24,"column":23}},"loc":{"start":{"line":24,"column":42},"end":{"line":87,"column":1}},"line":24},"2":{"name":"(anonymous_2)","decl":{"start":{"line":25,"column":34},"end":{"line":25,"column":35}},"loc":{"start":{"line":25,"column":45},"end":{"line":25,"column":63}},"line":25},"3":{"name":"(anonymous_3)","decl":{"start":{"line":29,"column":21},"end":{"line":29,"column":22}},"loc":{"start":{"line":29,"column":31},"end":{"line":35,"column":2}},"line":29},"4":{"name":"(anonymous_4)","decl":{"start":{"line":29,"column":31},"end":{"line":29,"column":32}},"loc":{"start":{"line":29,"column":37},"end":{"line":35,"column":2}},"line":29},"5":{"name":"(anonymous_5)","decl":{"start":{"line":66,"column":13},"end":{"line":66,"column":14}},"loc":{"start":{"line":67,"column":5},"end":{"line":69,"column":39}},"line":67},"6":{"name":"(anonymous_6)","decl":{"start":{"line":76,"column":13},"end":{"line":76,"column":14}},"loc":{"start":{"line":76,"column":19},"end":{"line":79,"column":5}},"line":76}},"branchMap":{"0":{"loc":{"start":{"line":12,"column":1},"end":{"line":12,"column":18}},"type":"default-arg","locations":[{"start":{"line":12,"column":16},"end":{"line":12,"column":18}}],"line":12},"1":{"loc":{"start":{"line":13,"column":1},"end":{"line":13,"column":16}},"type":"default-arg","locations":[{"start":{"line":13,"column":14},"end":{"line":13,"column":16}}],"line":13},"2":{"loc":{"start":{"line":31,"column":2},"end":{"line":33,"column":3}},"type":"if","locations":[{"start":{"line":31,"column":2},"end":{"line":33,"column":3}},{"start":{"line":31,"column":2},"end":{"line":33,"column":3}}],"line":31},"3":{"loc":{"start":{"line":67,"column":5},"end":{"line":69,"column":39}},"type":"cond-expr","locations":[{"start":{"line":68,"column":8},"end":{"line":68,"column":39}},{"start":{"line":69,"column":8},"end":{"line":69,"column":39}}],"line":67},"4":{"loc":{"start":{"line":84,"column":4},"end":{"line":84,"column":34}},"type":"cond-expr","locations":[{"start":{"line":84,"column":19},"end":{"line":84,"column":26}},{"start":{"line":84,"column":29},"end":{"line":84,"column":34}}],"line":84}},"s":{"0":2,"1":8,"2":4,"3":8,"4":4,"5":4,"6":12,"7":0,"8":0,"9":0,"10":0,"11":4,"12":4,"13":1,"14":0,"15":0,"16":2},"f":{"0":8,"1":4,"2":8,"3":12,"4":0,"5":1,"6":0},"b":{"0":[0],"1":[8],"2":[0,0],"3":[0,1],"4":[0,4]},"_coverageSchema":"1a1c01bbd47fc00a2c39e90264f33305004495a9","hash":"4381ebcc45a8fcf34e0ef9f2feae1cfa6a746a52"}
,"N:\\Monash Syncup\\FIT5120\\Owl Lead\\owl-lead-frontend\\components\\PageTitleComponent.js": {"path":"N:\\Monash Syncup\\FIT5120\\Owl Lead\\owl-lead-frontend\\components\\PageTitleComponent.js","statementMap":{"0":{"start":{"line":6,"column":1},"end":{"line":12,"column":3}},"1":{"start":{"line":15,"column":15},"end":{"line":38,"column":2}}},"fnMap":{"0":{"name":"PageTitle","decl":{"start":{"line":5,"column":24},"end":{"line":5,"column":33}},"loc":{"start":{"line":5,"column":57},"end":{"line":13,"column":1}},"line":5}},"branchMap":{},"s":{"0":2,"1":2},"f":{"0":2},"b":{},"_coverageSchema":"1a1c01bbd47fc00a2c39e90264f33305004495a9","hash":"2cbd1d8642afc41cedb5a564f8dbe446f50d58a3"}
,"N:\\Monash Syncup\\FIT5120\\Owl Lead\\owl-lead-frontend\\redux\\actions.js": {"path":"N:\\Monash Syncup\\FIT5120\\Owl Lead\\owl-lead-frontend\\redux\\actions.js","statementMap":{"0":{"start":{"line":3,"column":16},"end":{"line":32,"column":1}},"1":{"start":{"line":4,"column":27},"end":{"line":4,"column":72}},"2":{"start":{"line":5,"column":29},"end":{"line":5,"column":76}},"3":{"start":{"line":6,"column":29},"end":{"line":6,"column":66}},"4":{"start":{"line":7,"column":28},"end":{"line":7,"column":64}},"5":{"start":{"line":8,"column":21},"end":{"line":8,"column":49}},"6":{"start":{"line":9,"column":21},"end":{"line":9,"column":49}},"7":{"start":{"line":10,"column":33},"end":{"line":12,"column":2}},"8":{"start":{"line":13,"column":46},"end":{"line":16,"column":2}},"9":{"start":{"line":17,"column":39},"end":{"line":20,"column":2}},"10":{"start":{"line":21,"column":28},"end":{"line":23,"column":2}},"11":{"start":{"line":24,"column":36},"end":{"line":27,"column":2}},"12":{"start":{"line":28,"column":34},"end":{"line":31,"column":2}}},"fnMap":{"0":{"name":"(anonymous_0)","decl":{"start":{"line":4,"column":13},"end":{"line":4,"column":14}},"loc":{"start":{"line":4,"column":27},"end":{"line":4,"column":72}},"line":4},"1":{"name":"(anonymous_1)","decl":{"start":{"line":5,"column":14},"end":{"line":5,"column":15}},"loc":{"start":{"line":5,"column":29},"end":{"line":5,"column":76}},"line":5},"2":{"name":"(anonymous_2)","decl":{"start":{"line":6,"column":22},"end":{"line":6,"column":23}},"loc":{"start":{"line":6,"column":29},"end":{"line":6,"column":66}},"line":6},"3":{"name":"(anonymous_3)","decl":{"start":{"line":7,"column":21},"end":{"line":7,"column":22}},"loc":{"start":{"line":7,"column":28},"end":{"line":7,"column":64}},"line":7},"4":{"name":"(anonymous_4)","decl":{"start":{"line":8,"column":14},"end":{"line":8,"column":15}},"loc":{"start":{"line":8,"column":21},"end":{"line":8,"column":49}},"line":8},"5":{"name":"(anonymous_5)","decl":{"start":{"line":9,"column":14},"end":{"line":9,"column":15}},"loc":{"start":{"line":9,"column":21},"end":{"line":9,"column":49}},"line":9},"6":{"name":"(anonymous_6)","decl":{"start":{"line":10,"column":26},"end":{"line":10,"column":27}},"loc":{"start":{"line":10,"column":33},"end":{"line":12,"column":2}},"line":10},"7":{"name":"(anonymous_7)","decl":{"start":{"line":13,"column":22},"end":{"line":13,"column":23}},"loc":{"start":{"line":13,"column":46},"end":{"line":16,"column":2}},"line":13},"8":{"name":"(anonymous_8)","decl":{"start":{"line":17,"column":25},"end":{"line":17,"column":26}},"loc":{"start":{"line":17,"column":39},"end":{"line":20,"column":2}},"line":17},"9":{"name":"(anonymous_9)","decl":{"start":{"line":21,"column":21},"end":{"line":21,"column":22}},"loc":{"start":{"line":21,"column":28},"end":{"line":23,"column":2}},"line":21},"10":{"name":"(anonymous_10)","decl":{"start":{"line":24,"column":17},"end":{"line":24,"column":18}},"loc":{"start":{"line":24,"column":36},"end":{"line":27,"column":2}},"line":24},"11":{"name":"(anonymous_11)","decl":{"start":{"line":28,"column":20},"end":{"line":28,"column":21}},"loc":{"start":{"line":28,"column":34},"end":{"line":31,"column":2}},"line":28}},"branchMap":{},"s":{"0":2,"1":0,"2":0,"3":0,"4":0,"5":2,"6":0,"7":0,"8":0,"9":0,"10":0,"11":0,"12":0},"f":{"0":0,"1":0,"2":0,"3":0,"4":2,"5":0,"6":0,"7":0,"8":0,"9":0,"10":0,"11":0},"b":{},"_coverageSchema":"1a1c01bbd47fc00a2c39e90264f33305004495a9","hash":"ace60ed556614edbe60e44f429681b329868cb33"}
,"N:\\Monash Syncup\\FIT5120\\Owl Lead\\owl-lead-frontend\\redux\\configureStore.js": {"path":"N:\\Monash Syncup\\FIT5120\\Owl Lead\\owl-lead-frontend\\redux\\configureStore.js","statementMap":{"0":{"start":{"line":8,"column":30},"end":{"line":32,"column":1}},"1":{"start":{"line":9,"column":16},"end":{"line":23,"column":2}},"2":{"start":{"line":25,"column":15},"end":{"line":28,"column":2}},"3":{"start":{"line":30,"column":19},"end":{"line":30,"column":38}},"4":{"start":{"line":31,"column":1},"end":{"line":31,"column":29}}},"fnMap":{"0":{"name":"(anonymous_0)","decl":{"start":{"line":8,"column":30},"end":{"line":8,"column":31}},"loc":{"start":{"line":8,"column":36},"end":{"line":32,"column":1}},"line":8}},"branchMap":{},"s":{"0":1,"1":1,"2":1,"3":1,"4":1},"f":{"0":1},"b":{},"_coverageSchema":"1a1c01bbd47fc00a2c39e90264f33305004495a9","hash":"5a5ef36f643a6a01afcd515d661c1e2399cfd3a6"}
,"N:\\Monash Syncup\\FIT5120\\Owl Lead\\owl-lead-frontend\\redux\\reducer.js": {"path":"N:\\Monash Syncup\\FIT5120\\Owl Lead\\owl-lead-frontend\\redux\\reducer.js","statementMap":{"0":{"start":{"line":3,"column":21},"end":{"line":12,"column":1}},"1":{"start":{"line":15,"column":1},"end":{"line":98,"column":2}},"2":{"start":{"line":17,"column":3},"end":{"line":20,"column":5}},"3":{"start":{"line":23,"column":3},"end":{"line":26,"column":5}},"4":{"start":{"line":29,"column":3},"end":{"line":32,"column":5}},"5":{"start":{"line":35,"column":3},"end":{"line":38,"column":5}},"6":{"start":{"line":41,"column":3},"end":{"line":44,"column":5}},"7":{"start":{"line":47,"column":3},"end":{"line":50,"column":5}},"8":{"start":{"line":53,"column":3},"end":{"line":57,"column":5}},"9":{"start":{"line":60,"column":3},"end":{"line":65,"column":5}},"10":{"start":{"line":68,"column":3},"end":{"line":72,"column":5}},"11":{"start":{"line":75,"column":3},"end":{"line":79,"column":5}},"12":{"start":{"line":82,"column":3},"end":{"line":87,"column":5}},"13":{"start":{"line":90,"column":3},"end":{"line":94,"column":5}},"14":{"start":{"line":97,"column":3},"end":{"line":97,"column":16}}},"fnMap":{"0":{"name":"reducer","decl":{"start":{"line":14,"column":24},"end":{"line":14,"column":31}},"loc":{"start":{"line":14,"column":62},"end":{"line":99,"column":1}},"line":14}},"branchMap":{"0":{"loc":{"start":{"line":14,"column":32},"end":{"line":14,"column":52}},"type":"default-arg","locations":[{"start":{"line":14,"column":40},"end":{"line":14,"column":52}}],"line":14},"1":{"loc":{"start":{"line":15,"column":1},"end":{"line":98,"column":2}},"type":"switch","locations":[{"start":{"line":16,"column":2},"end":{"line":20,"column":5}},{"start":{"line":22,"column":2},"end":{"line":26,"column":5}},{"start":{"line":28,"column":2},"end":{"line":32,"column":5}},{"start":{"line":34,"column":2},"end":{"line":38,"column":5}},{"start":{"line":40,"column":2},"end":{"line":44,"column":5}},{"start":{"line":46,"column":2},"end":{"line":50,"column":5}},{"start":{"line":52,"column":2},"end":{"line":57,"column":5}},{"start":{"line":59,"column":2},"end":{"line":65,"column":5}},{"start":{"line":67,"column":2},"end":{"line":72,"column":5}},{"start":{"line":74,"column":2},"end":{"line":79,"column":5}},{"start":{"line":81,"column":2},"end":{"line":87,"column":5}},{"start":{"line":89,"column":2},"end":{"line":94,"column":5}},{"start":{"line":96,"column":2},"end":{"line":97,"column":16}}],"line":15}},"s":{"0":1,"1":2,"2":0,"3":0,"4":0,"5":0,"6":0,"7":0,"8":0,"9":0,"10":0,"11":0,"12":0,"13":0,"14":2},"f":{"0":2},"b":{"0":[1],"1":[0,0,0,0,0,0,0,0,0,0,0,0,2]},"_coverageSchema":"1a1c01bbd47fc00a2c39e90264f33305004495a9","hash":"4073953548a02c5dac8b0e20211a6d962b10de27"}
,"N:\\Monash Syncup\\FIT5120\\Owl Lead\\owl-lead-frontend\\redux\\types.js": {"path":"N:\\Monash Syncup\\FIT5120\\Owl Lead\\owl-lead-frontend\\redux\\types.js","statementMap":{"0":{"start":{"line":2,"column":27},"end":{"line":2,"column":40}},"1":{"start":{"line":3,"column":28},"end":{"line":3,"column":42}},"2":{"start":{"line":4,"column":37},"end":{"line":4,"column":60}},"3":{"start":{"line":5,"column":36},"end":{"line":5,"column":58}},"4":{"start":{"line":6,"column":28},"end":{"line":6,"column":42}},"5":{"start":{"line":7,"column":28},"end":{"line":7,"column":42}},"6":{"start":{"line":10,"column":41},"end":{"line":10,"column":68}},"7":{"start":{"line":11,"column":37},"end":{"line":11,"column":60}},"8":{"start":{"line":12,"column":40},"end":{"line":12,"column":66}},"9":{"start":{"line":13,"column":36},"end":{"line":13,"column":58}},"10":{"start":{"line":14,"column":32},"end":{"line":14,"column":50}},"11":{"start":{"line":15,"column":35},"end":{"line":15,"column":56}}},"fnMap":{},"branchMap":{},"s":{"0":2,"1":2,"2":2,"3":2,"4":2,"5":2,"6":2,"7":2,"8":2,"9":2,"10":2,"11":2},"f":{},"b":{},"_coverageSchema":"1a1c01bbd47fc00a2c39e90264f33305004495a9","hash":"fd06f601c130a1e18ed25043beff71d9292662ff"}
,"N:\\Monash Syncup\\FIT5120\\Owl Lead\\owl-lead-frontend\\screens\\AnyoneAroundScreen.js": {"path":"N:\\Monash Syncup\\FIT5120\\Owl Lead\\owl-lead-frontend\\screens\\AnyoneAroundScreen.js","statementMap":{"0":{"start":{"line":10,"column":27},"end":{"line":10,"column":74}},"1":{"start":{"line":10,"column":50},"end":{"line":10,"column":73}},"2":{"start":{"line":11,"column":19},"end":{"line":11,"column":58}},"3":{"start":{"line":11,"column":42},"end":{"line":11,"column":57}},"4":{"start":{"line":12,"column":16},"end":{"line":12,"column":52}},"5":{"start":{"line":12,"column":39},"end":{"line":12,"column":51}},"6":{"start":{"line":14,"column":1},"end":{"line":35,"column":2}},"7":{"start":{"line":15,"column":2},"end":{"line":15,"column":21}},"8":{"start":{"line":16,"column":8},"end":{"line":35,"column":2}},"9":{"start":{"line":17,"column":2},"end":{"line":21,"column":4}},"10":{"start":{"line":23,"column":2},"end":{"line":34,"column":4}},"11":{"start":{"line":38,"column":15},"end":{"line":44,"column":2}}},"fnMap":{"0":{"name":"(anonymous_0)","decl":{"start":{"line":9,"column":30},"end":{"line":9,"column":31}},"loc":{"start":{"line":9,"column":57},"end":{"line":36,"column":1}},"line":9},"1":{"name":"(anonymous_1)","decl":{"start":{"line":10,"column":39},"end":{"line":10,"column":40}},"loc":{"start":{"line":10,"column":50},"end":{"line":10,"column":73}},"line":10},"2":{"name":"(anonymous_2)","decl":{"start":{"line":11,"column":31},"end":{"line":11,"column":32}},"loc":{"start":{"line":11,"column":42},"end":{"line":11,"column":57}},"line":11},"3":{"name":"(anonymous_3)","decl":{"start":{"line":12,"column":28},"end":{"line":12,"column":29}},"loc":{"start":{"line":12,"column":39},"end":{"line":12,"column":51}},"line":12}},"branchMap":{"0":{"loc":{"start":{"line":14,"column":1},"end":{"line":35,"column":2}},"type":"if","locations":[{"start":{"line":14,"column":1},"end":{"line":35,"column":2}},{"start":{"line":14,"column":1},"end":{"line":35,"column":2}}],"line":14},"1":{"loc":{"start":{"line":16,"column":8},"end":{"line":35,"column":2}},"type":"if","locations":[{"start":{"line":16,"column":8},"end":{"line":35,"column":2}},{"start":{"line":16,"column":8},"end":{"line":35,"column":2}}],"line":16}},"s":{"0":0,"1":0,"2":0,"3":0,"4":0,"5":0,"6":0,"7":0,"8":0,"9":0,"10":0,"11":1},"f":{"0":0,"1":0,"2":0,"3":0},"b":{"0":[0,0],"1":[0,0]},"_coverageSchema":"1a1c01bbd47fc00a2c39e90264f33305004495a9","hash":"800ac343eafa4f09dc2d50a7c359aa66fe0d1e60"}
,"N:\\Monash Syncup\\FIT5120\\Owl Lead\\owl-lead-frontend\\screens\\EmergencyScreen.js": {"path":"N:\\Monash Syncup\\FIT5120\\Owl Lead\\owl-lead-frontend\\screens\\EmergencyScreen.js","statementMap":{"0":{"start":{"line":8,"column":17},"end":{"line":8,"column":54}},"1":{"start":{"line":8,"column":40},"end":{"line":8,"column":53}},"2":{"start":{"line":10,"column":1},"end":{"line":21,"column":3}},"3":{"start":{"line":24,"column":15},"end":{"line":37,"column":2}}},"fnMap":{"0":{"name":"(anonymous_0)","decl":{"start":{"line":7,"column":27},"end":{"line":7,"column":28}},"loc":{"start":{"line":7,"column":54},"end":{"line":22,"column":1}},"line":7},"1":{"name":"(anonymous_1)","decl":{"start":{"line":8,"column":29},"end":{"line":8,"column":30}},"loc":{"start":{"line":8,"column":40},"end":{"line":8,"column":53}},"line":8}},"branchMap":{"0":{"loc":{"start":{"line":15,"column":5},"end":{"line":15,"column":49}},"type":"cond-expr","locations":[{"start":{"line":15,"column":15},"end":{"line":15,"column":44}},{"start":{"line":15,"column":47},"end":{"line":15,"column":49}}],"line":15}},"s":{"0":0,"1":0,"2":0,"3":1},"f":{"0":0,"1":0},"b":{"0":[0,0]},"_coverageSchema":"1a1c01bbd47fc00a2c39e90264f33305004495a9","hash":"a484d2493dce6284720a96e702bb8a421a152ede"}
,"N:\\Monash Syncup\\FIT5120\\Owl Lead\\owl-lead-frontend\\screens\\HomeScreen.js": {"path":"N:\\Monash Syncup\\FIT5120\\Owl Lead\\owl-lead-frontend\\screens\\HomeScreen.js","statementMap":{"0":{"start":{"line":8,"column":1},"end":{"line":14,"column":3}},"1":{"start":{"line":17,"column":15},"end":{"line":23,"column":2}}},"fnMap":{"0":{"name":"Home","decl":{"start":{"line":7,"column":24},"end":{"line":7,"column":28}},"loc":{"start":{"line":7,"column":52},"end":{"line":15,"column":1}},"line":7}},"branchMap":{},"s":{"0":0,"1":1},"f":{"0":0},"b":{},"_coverageSchema":"1a1c01bbd47fc00a2c39e90264f33305004495a9","hash":"c47241c069955f6cf999873a74feef998eddf2bf"}
,"N:\\Monash Syncup\\FIT5120\\Owl Lead\\owl-lead-frontend\\screens\\PSOFinderScreen.js": {"path":"N:\\Monash Syncup\\FIT5120\\Owl Lead\\owl-lead-frontend\\screens\\PSOFinderScreen.js","statementMap":{"0":{"start":{"line":9,"column":22},"end":{"line":9,"column":64}},"1":{"start":{"line":9,"column":45},"end":{"line":9,"column":63}},"2":{"start":{"line":10,"column":1},"end":{"line":20,"column":3}},"3":{"start":{"line":23,"column":15},"end":{"line":29,"column":2}}},"fnMap":{"0":{"name":"(anonymous_0)","decl":{"start":{"line":8,"column":27},"end":{"line":8,"column":28}},"loc":{"start":{"line":8,"column":54},"end":{"line":21,"column":1}},"line":8},"1":{"name":"(anonymous_1)","decl":{"start":{"line":9,"column":34},"end":{"line":9,"column":35}},"loc":{"start":{"line":9,"column":45},"end":{"line":9,"column":63}},"line":9}},"branchMap":{},"s":{"0":0,"1":0,"2":0,"3":1},"f":{"0":0,"1":0},"b":{},"_coverageSchema":"1a1c01bbd47fc00a2c39e90264f33305004495a9","hash":"b670052b6a5648ae7980020cae5f0c2fa9e2e0f4"}
,"N:\\Monash Syncup\\FIT5120\\Owl Lead\\owl-lead-frontend\\shared\\constants.js": {"path":"N:\\Monash Syncup\\FIT5120\\Owl Lead\\owl-lead-frontend\\shared\\constants.js","statementMap":{"0":{"start":{"line":2,"column":30},"end":{"line":2,"column":71}},"1":{"start":{"line":6,"column":1},"end":{"line":6,"column":74}},"2":{"start":{"line":10,"column":1},"end":{"line":10,"column":41}},"3":{"start":{"line":13,"column":23},"end":{"line":13,"column":64}},"4":{"start":{"line":16,"column":22},"end":{"line":25,"column":1}},"5":{"start":{"line":28,"column":32},"end":{"line":28,"column":37}},"6":{"start":{"line":31,"column":39},"end":{"line":31,"column":64}},"7":{"start":{"line":34,"column":34},"end":{"line":34,"column":54}}},"fnMap":{},"branchMap":{},"s":{"0":4,"1":4,"2":4,"3":4,"4":4,"5":4,"6":4,"7":4},"f":{},"b":{},"_coverageSchema":"1a1c01bbd47fc00a2c39e90264f33305004495a9","hash":"ef7eb7054e5eb56976b9c74da4c012385752c004"}
,"N:\\Monash Syncup\\FIT5120\\Owl Lead\\owl-lead-frontend\\shared\\loaders.js": {"path":"N:\\Monash Syncup\\FIT5120\\Owl Lead\\owl-lead-frontend\\shared\\loaders.js","statementMap":{"0":{"start":{"line":4,"column":37},"end":{"line":31,"column":1}},"1":{"start":{"line":4,"column":43},"end":{"line":31,"column":1}},"2":{"start":{"line":5,"column":1},"end":{"line":5,"column":45}},"3":{"start":{"line":6,"column":1},"end":{"line":30,"column":5}},"4":{"start":{"line":9,"column":4},"end":{"line":15,"column":5}},"5":{"start":{"line":10,"column":5},"end":{"line":10,"column":21}},"6":{"start":{"line":12,"column":17},"end":{"line":12,"column":72}},"7":{"start":{"line":13,"column":5},"end":{"line":13,"column":31}},"8":{"start":{"line":14,"column":5},"end":{"line":14,"column":17}},"9":{"start":{"line":18,"column":18},"end":{"line":18,"column":42}},"10":{"start":{"line":19,"column":4},"end":{"line":19,"column":18}},"11":{"start":{"line":22,"column":22},"end":{"line":22,"column":37}},"12":{"start":{"line":24,"column":3},"end":{"line":24,"column":60}},"13":{"start":{"line":25,"column":3},"end":{"line":25,"column":28}},"14":{"start":{"line":28,"column":3},"end":{"line":28,"column":59}},"15":{"start":{"line":29,"column":3},"end":{"line":29,"column":15}},"16":{"start":{"line":33,"column":32},"end":{"line":56,"column":1}},"17":{"start":{"line":33,"column":38},"end":{"line":56,"column":1}},"18":{"start":{"line":34,"column":1},"end":{"line":34,"column":40}},"19":{"start":{"line":35,"column":1},"end":{"line":55,"column":5}},"20":{"start":{"line":38,"column":4},"end":{"line":44,"column":5}},"21":{"start":{"line":39,"column":5},"end":{"line":39,"column":21}},"22":{"start":{"line":41,"column":17},"end":{"line":41,"column":72}},"23":{"start":{"line":42,"column":5},"end":{"line":42,"column":31}},"24":{"start":{"line":43,"column":5},"end":{"line":43,"column":17}},"25":{"start":{"line":47,"column":18},"end":{"line":47,"column":42}},"26":{"start":{"line":48,"column":4},"end":{"line":48,"column":18}},"27":{"start":{"line":51,"column":22},"end":{"line":51,"column":37}},"28":{"start":{"line":52,"column":26},"end":{"line":52,"column":72}},"29":{"start":{"line":54,"column":3},"end":{"line":54,"column":52}},"30":{"start":{"line":58,"column":30},"end":{"line":106,"column":1}},"31":{"start":{"line":62,"column":10},"end":{"line":62,"column":12}},"32":{"start":{"line":64,"column":15},"end":{"line":64,"column":17}},"33":{"start":{"line":66,"column":1},"end":{"line":103,"column":2}},"34":{"start":{"line":67,"column":2},"end":{"line":67,"column":39}},"35":{"start":{"line":70,"column":3},"end":{"line":76,"column":18}},"36":{"start":{"line":73,"column":18},"end":{"line":73,"column":52}},"37":{"start":{"line":78,"column":15},"end":{"line":100,"column":5}},"38":{"start":{"line":81,"column":5},"end":{"line":87,"column":6}},"39":{"start":{"line":82,"column":6},"end":{"line":82,"column":22}},"40":{"start":{"line":84,"column":18},"end":{"line":84,"column":73}},"41":{"start":{"line":85,"column":6},"end":{"line":85,"column":32}},"42":{"start":{"line":86,"column":6},"end":{"line":86,"column":18}},"43":{"start":{"line":90,"column":19},"end":{"line":90,"column":43}},"44":{"start":{"line":91,"column":5},"end":{"line":91,"column":19}},"45":{"start":{"line":94,"column":23},"end":{"line":94,"column":38}},"46":{"start":{"line":96,"column":4},"end":{"line":99,"column":8}},"47":{"start":{"line":96,"column":51},"end":{"line":99,"column":5}},"48":{"start":{"line":102,"column":2},"end":{"line":102,"column":26}},"49":{"start":{"line":105,"column":1},"end":{"line":105,"column":16}}},"fnMap":{"0":{"name":"(anonymous_0)","decl":{"start":{"line":4,"column":37},"end":{"line":4,"column":38}},"loc":{"start":{"line":4,"column":43},"end":{"line":31,"column":1}},"line":4},"1":{"name":"(anonymous_1)","decl":{"start":{"line":4,"column":43},"end":{"line":4,"column":44}},"loc":{"start":{"line":4,"column":57},"end":{"line":31,"column":1}},"line":4},"2":{"name":"(anonymous_2)","decl":{"start":{"line":8,"column":3},"end":{"line":8,"column":4}},"loc":{"start":{"line":8,"column":17},"end":{"line":16,"column":4}},"line":8},"3":{"name":"(anonymous_3)","decl":{"start":{"line":17,"column":3},"end":{"line":17,"column":4}},"loc":{"start":{"line":17,"column":14},"end":{"line":20,"column":4}},"line":17},"4":{"name":"(anonymous_4)","decl":{"start":{"line":22,"column":8},"end":{"line":22,"column":9}},"loc":{"start":{"line":22,"column":22},"end":{"line":22,"column":37}},"line":22},"5":{"name":"(anonymous_5)","decl":{"start":{"line":23,"column":8},"end":{"line":23,"column":9}},"loc":{"start":{"line":23,"column":31},"end":{"line":26,"column":3}},"line":23},"6":{"name":"(anonymous_6)","decl":{"start":{"line":27,"column":9},"end":{"line":27,"column":10}},"loc":{"start":{"line":27,"column":20},"end":{"line":30,"column":3}},"line":27},"7":{"name":"(anonymous_7)","decl":{"start":{"line":33,"column":32},"end":{"line":33,"column":33}},"loc":{"start":{"line":33,"column":38},"end":{"line":56,"column":1}},"line":33},"8":{"name":"(anonymous_8)","decl":{"start":{"line":33,"column":38},"end":{"line":33,"column":39}},"loc":{"start":{"line":33,"column":52},"end":{"line":56,"column":1}},"line":33},"9":{"name":"(anonymous_9)","decl":{"start":{"line":37,"column":3},"end":{"line":37,"column":4}},"loc":{"start":{"line":37,"column":17},"end":{"line":45,"column":4}},"line":37},"10":{"name":"(anonymous_10)","decl":{"start":{"line":46,"column":3},"end":{"line":46,"column":4}},"loc":{"start":{"line":46,"column":14},"end":{"line":49,"column":4}},"line":46},"11":{"name":"(anonymous_11)","decl":{"start":{"line":51,"column":8},"end":{"line":51,"column":9}},"loc":{"start":{"line":51,"column":22},"end":{"line":51,"column":37}},"line":51},"12":{"name":"(anonymous_12)","decl":{"start":{"line":52,"column":8},"end":{"line":52,"column":9}},"loc":{"start":{"line":52,"column":26},"end":{"line":52,"column":72}},"line":52},"13":{"name":"(anonymous_13)","decl":{"start":{"line":53,"column":9},"end":{"line":53,"column":10}},"loc":{"start":{"line":53,"column":20},"end":{"line":55,"column":3}},"line":53},"14":{"name":"(anonymous_14)","decl":{"start":{"line":58,"column":30},"end":{"line":58,"column":31}},"loc":{"start":{"line":58,"column":53},"end":{"line":106,"column":1}},"line":58},"15":{"name":"(anonymous_15)","decl":{"start":{"line":73,"column":9},"end":{"line":73,"column":10}},"loc":{"start":{"line":73,"column":18},"end":{"line":73,"column":52}},"line":73},"16":{"name":"(anonymous_16)","decl":{"start":{"line":80,"column":4},"end":{"line":80,"column":5}},"loc":{"start":{"line":80,"column":18},"end":{"line":88,"column":5}},"line":80},"17":{"name":"(anonymous_17)","decl":{"start":{"line":89,"column":4},"end":{"line":89,"column":5}},"loc":{"start":{"line":89,"column":15},"end":{"line":92,"column":5}},"line":89},"18":{"name":"(anonymous_18)","decl":{"start":{"line":94,"column":9},"end":{"line":94,"column":10}},"loc":{"start":{"line":94,"column":23},"end":{"line":94,"column":38}},"line":94},"19":{"name":"(anonymous_19)","decl":{"start":{"line":95,"column":9},"end":{"line":95,"column":10}},"loc":{"start":{"line":95,"column":19},"end":{"line":100,"column":4}},"line":95},"20":{"name":"(anonymous_20)","decl":{"start":{"line":96,"column":37},"end":{"line":96,"column":38}},"loc":{"start":{"line":96,"column":51},"end":{"line":99,"column":5}},"line":96}},"branchMap":{"0":{"loc":{"start":{"line":9,"column":4},"end":{"line":15,"column":5}},"type":"if","locations":[{"start":{"line":9,"column":4},"end":{"line":15,"column":5}},{"start":{"line":9,"column":4},"end":{"line":15,"column":5}}],"line":9},"1":{"loc":{"start":{"line":38,"column":4},"end":{"line":44,"column":5}},"type":"if","locations":[{"start":{"line":38,"column":4},"end":{"line":44,"column":5}},{"start":{"line":38,"column":4},"end":{"line":44,"column":5}}],"line":38},"2":{"loc":{"start":{"line":81,"column":5},"end":{"line":87,"column":6}},"type":"if","locations":[{"start":{"line":81,"column":5},"end":{"line":87,"column":6}},{"start":{"line":81,"column":5},"end":{"line":87,"column":6}}],"line":81}},"s":{"0":1,"1":0,"2":0,"3":0,"4":0,"5":0,"6":0,"7":0,"8":0,"9":0,"10":0,"11":0,"12":0,"13":0,"14":0,"15":0,"16":1,"17":0,"18":0,"19":0,"20":0,"21":0,"22":0,"23":0,"24":0,"25":0,"26":0,"27":0,"28":0,"29":0,"30":1,"31":0,"32":0,"33":0,"34":0,"35":0,"36":0,"37":0,"38":0,"39":0,"40":0,"41":0,"42":0,"43":0,"44":0,"45":0,"46":0,"47":0,"48":0,"49":0},"f":{"0":0,"1":0,"2":0,"3":0,"4":0,"5":0,"6":0,"7":0,"8":0,"9":0,"10":0,"11":0,"12":0,"13":0,"14":0,"15":0,"16":0,"17":0,"18":0,"19":0,"20":0},"b":{"0":[0,0],"1":[0,0],"2":[0,0]},"_coverageSchema":"1a1c01bbd47fc00a2c39e90264f33305004495a9","hash":"d7b68b31605a6aede73bbe340c53e050b0c42b08"}
}
